<?xml version="1.0" encoding="UTF-8"?>
<testsuite name="Matrix" tests="4" skipped="0" failures="0" errors="0" timestamp="2021-02-08T13:07:27" hostname="Moussaab-PC" time="0.937">
  <properties/>
  <testcase name="Determinant" classname="Matrix" time="0.912"/>
  <testcase name="Transpose" classname="Matrix" time="0.01"/>
  <testcase name="Inverse" classname="Matrix" time="0.008"/>
  <testcase name="Cofactor" classname="Matrix" time="0.007"/>
  <system-out><![CDATA[]]></system-out>
  <system-err><![CDATA[]]></system-err>
</testsuite>
